intro.md
design-header.md
design-culture.md
design-goals.md
design-choices.md

arch-header.md
arch-core.md
extensible.md
sources.md
sheets.md
rows.md
columns.md
cursor.md
arch-commands.md
metasheets.md

details-header.md
vd-singleton.md
engine.md
layout.md
draw.md
colorizers.md
types.md
settings.md
options.md
commands.md
cmdlog.md
status.md
errors.md
loaders.md
stdpipes.md

loaders-misc.md

async.md
input.md
sheet-header.md
search.md
sort.md
selection.md
fill-nulls.md

derived-cols.md

modules-header.md
clipboard.md
motd.md
urlcache.md
canvas.md

derived-sheets.md
grouping.md
freqtbl.md
pivot.md
aggregators.md
join.md
melt.md
describe.md
graph.md

extending-header.md
theme.md
sheet-howto.md
plugins.md
examples.md

ref-api.md
ref-vd.md
ref-sheet.md
ref-column.md
ref-globals.md
ref-curses.md
ref-manpage.md
ref-kblayout.md
